ProtectThePrincess(beta)/Temp/gradleOut/launcher/build/intermediates/manifest_merge_blame_file/release/manifest-merger-blame-release-report.txt
1<?xml version="1.0" encoding="utf-8"?>
2<!-- GENERATED BY UNITY. REMOVE THIS COMMENT TO PREVENT OVERWRITING WHEN EXPORTING AGAIN -->
3<manifest xmlns:android="http://schemas.android.com/apk/res/android"
4    package="com.ValterGames.ProtectthePrincess"
5    android:installLocation="preferExternal"
6    android:versionCode="14"
7    android:versionName="0.5" >
8
9    <uses-sdk
10        android:minSdkVersion="23"
10-->src/main/AndroidManifest.xml
11        android:targetSdkVersion="31" />
11-->src/main/AndroidManifest.xml
12
13    <supports-screens
13-->src/main/AndroidManifest.xml:4:3-163
14        android:anyDensity="true"
14-->src/main/AndroidManifest.xml:4:135-160
15        android:largeScreens="true"
15-->src/main/AndroidManifest.xml:4:78-105
16        android:normalScreens="true"
16-->src/main/AndroidManifest.xml:4:49-77
17        android:smallScreens="true"
17-->src/main/AndroidManifest.xml:4:21-48
18        android:xlargeScreens="true" />
18-->src/main/AndroidManifest.xml:4:106-134
19
20    <uses-feature android:glEsVersion="0x00020000" />
20-->[:unityLibrary] AndroidManifest.xml:13:5-54
20-->[:unityLibrary] AndroidManifest.xml:13:19-51
21
22    <supports-gl-texture android:name="GL_OES_compressed_ETC1_RGB8_texture" />
22-->[:unityLibrary] AndroidManifest.xml:15:5-79
22-->[:unityLibrary] AndroidManifest.xml:15:26-76
23
24    <uses-permission android:name="android.permission.INTERNET" />
24-->[:unityLibrary] AndroidManifest.xml:17:5-67
24-->[:unityLibrary] AndroidManifest.xml:17:22-64
25    <uses-permission android:name="android.permission.ACCESS_NETWORK_STATE" />
25-->[:unityLibrary] AndroidManifest.xml:18:5-79
25-->[:unityLibrary] AndroidManifest.xml:18:22-76
26
27    <uses-feature
27-->[:unityLibrary] AndroidManifest.xml:20:5-22:36
28        android:name="android.hardware.touchscreen"
28-->[:unityLibrary] AndroidManifest.xml:21:9-52
29        android:required="false" />
29-->[:unityLibrary] AndroidManifest.xml:22:9-33
30    <uses-feature
30-->[:unityLibrary] AndroidManifest.xml:23:5-25:36
31        android:name="android.hardware.touchscreen.multitouch"
31-->[:unityLibrary] AndroidManifest.xml:24:9-63
32        android:required="false" />
32-->[:unityLibrary] AndroidManifest.xml:25:9-33
33    <uses-feature
33-->[:unityLibrary] AndroidManifest.xml:26:5-28:36
34        android:name="android.hardware.touchscreen.multitouch.distinct"
34-->[:unityLibrary] AndroidManifest.xml:27:9-72
35        android:required="false" />
35-->[:unityLibrary] AndroidManifest.xml:28:9-33
36
37    <uses-permission android:name="android.permission.WRITE_EXTERNAL_STORAGE" />
38    <uses-permission android:name="android.permission.READ_PHONE_STATE" />
39    <uses-permission android:name="android.permission.READ_EXTERNAL_STORAGE" /> <!-- Android package visibility setting -->
40    <queries>
40-->[com.google.android.gms:play-services-ads-lite:20.0.0] AndroidManifest.xml:27:5-43:15
41
42        <!-- For browser content -->
43        <intent>
43-->[com.google.android.gms:play-services-ads-lite:20.0.0] AndroidManifest.xml:30:9-36:18
44            <action android:name="android.intent.action.VIEW" />
44-->[com.google.android.gms:play-services-ads-lite:20.0.0] AndroidManifest.xml:31:13-65
44-->[com.google.android.gms:play-services-ads-lite:20.0.0] AndroidManifest.xml:31:21-62
45
46            <category android:name="android.intent.category.BROWSABLE" />
46-->[com.google.android.gms:play-services-ads-lite:20.0.0] AndroidManifest.xml:33:13-74
46-->[com.google.android.gms:play-services-ads-lite:20.0.0] AndroidManifest.xml:33:23-71
47
48            <data android:scheme="https" />
48-->[com.google.android.gms:play-services-ads-lite:20.0.0] AndroidManifest.xml:35:13-44
48-->[com.google.android.gms:play-services-ads-lite:20.0.0] AndroidManifest.xml:35:19-41
49        </intent>
50        <!-- End of browser content -->
51        <!-- For CustomTabsService -->
52        <intent>
52-->[com.google.android.gms:play-services-ads-lite:20.0.0] AndroidManifest.xml:30:9-36:18
53            <action android:name="android.support.customtabs.action.CustomTabsService" />
54        </intent>
55        <!-- End of CustomTabsService -->
56    </queries>
57
58    <uses-permission android:name="android.permission.WAKE_LOCK" />
58-->[com.google.android.gms:play-services-measurement-sdk-api:18.0.0] AndroidManifest.xml:25:5-68
58-->[com.google.android.gms:play-services-measurement-sdk-api:18.0.0] AndroidManifest.xml:25:22-65
59    <uses-permission android:name="android.permission.RECEIVE_BOOT_COMPLETED" />
59-->[androidx.work:work-runtime:2.1.0] AndroidManifest.xml:27:5-81
59-->[androidx.work:work-runtime:2.1.0] AndroidManifest.xml:27:22-78
60
61    <application
61-->src/main/AndroidManifest.xml:5:3-116
62        android:appComponentFactory="androidx.core.app.CoreComponentFactory"
62-->[androidx.core:core:1.2.0] AndroidManifest.xml:24:18-86
63        android:extractNativeLibs="true"
63-->src/main/AndroidManifest.xml:5:16-48
64        android:icon="@mipmap/app_icon"
64-->src/main/AndroidManifest.xml:5:82-113
65        android:label="@string/app_name" >
65-->src/main/AndroidManifest.xml:5:49-81
66        <activity
66-->[:unityLibrary] AndroidManifest.xml:31:9-51:20
67            android:name="com.unity3d.player.UnityPlayerActivity"
67-->[:unityLibrary] AndroidManifest.xml:32:13-66
68            android:configChanges="mcc|mnc|locale|touchscreen|keyboard|keyboardHidden|navigation|orientation|screenLayout|uiMode|screenSize|smallestScreenSize|fontScale|layoutDirection|density"
68-->[:unityLibrary] AndroidManifest.xml:33:13-194
69            android:hardwareAccelerated="false"
69-->[:unityLibrary] AndroidManifest.xml:34:13-48
70            android:launchMode="singleTask"
70-->[:unityLibrary] AndroidManifest.xml:35:13-44
71            android:resizeableActivity="false"
71-->[:unityLibrary] AndroidManifest.xml:36:13-47
72            android:screenOrientation="sensorLandscape"
72-->[:unityLibrary] AndroidManifest.xml:37:13-56
73            android:theme="@style/UnityThemeSelector" >
73-->[:unityLibrary] AndroidManifest.xml:38:13-54
74            <intent-filter>
74-->[:unityLibrary] AndroidManifest.xml:39:13-43:29
75                <action android:name="android.intent.action.MAIN" />
75-->[:unityLibrary] AndroidManifest.xml:40:17-69
75-->[:unityLibrary] AndroidManifest.xml:40:25-66
76
77                <category android:name="android.intent.category.LAUNCHER" />
77-->[:unityLibrary] AndroidManifest.xml:42:17-77
77-->[:unityLibrary] AndroidManifest.xml:42:27-74
78            </intent-filter>
79
80            <meta-data
80-->[:unityLibrary] AndroidManifest.xml:45:13-47:40
81                android:name="unityplayer.UnityActivity"
81-->[:unityLibrary] AndroidManifest.xml:46:17-57
82                android:value="true" />
82-->[:unityLibrary] AndroidManifest.xml:47:17-37
83            <meta-data
83-->[:unityLibrary] AndroidManifest.xml:48:13-50:40
84                android:name="android.notch_support"
84-->[:unityLibrary] AndroidManifest.xml:49:17-53
85                android:value="true" />
85-->[:unityLibrary] AndroidManifest.xml:50:17-37
86        </activity>
87
88        <meta-data
88-->[:unityLibrary] AndroidManifest.xml:53:9-55:33
89            android:name="unity.splash-mode"
89-->[:unityLibrary] AndroidManifest.xml:54:13-45
90            android:value="0" />
90-->[:unityLibrary] AndroidManifest.xml:55:13-30
91        <meta-data
91-->[:unityLibrary] AndroidManifest.xml:56:9-58:36
92            android:name="unity.splash-enable"
92-->[:unityLibrary] AndroidManifest.xml:57:13-47
93            android:value="True" />
93-->[:unityLibrary] AndroidManifest.xml:58:13-33
94        <meta-data
94-->[:unityLibrary] AndroidManifest.xml:59:9-61:37
95            android:name="unity.allow-resizable-window"
95-->[:unityLibrary] AndroidManifest.xml:60:13-56
96            android:value="False" />
96-->[:unityLibrary] AndroidManifest.xml:61:13-34
97        <meta-data
97-->[:unityLibrary] AndroidManifest.xml:62:9-64:50
98            android:name="notch.config"
98-->[:unityLibrary] AndroidManifest.xml:63:13-40
99            android:value="portrait|landscape" />
99-->[:unityLibrary] AndroidManifest.xml:64:13-47
100        <meta-data
100-->[:unityLibrary] AndroidManifest.xml:65:9-67:68
101            android:name="unity.build-id"
101-->[:unityLibrary] AndroidManifest.xml:66:13-42
102            android:value="14515aed-231d-4bbc-8c6a-516bf2db4b9f" />
102-->[:unityLibrary] AndroidManifest.xml:67:13-65
103
104        <receiver
104-->[:unityLibrary] AndroidManifest.xml:69:9-71:39
105            android:name="com.unity.androidnotifications.UnityNotificationManager"
105-->[:unityLibrary] AndroidManifest.xml:70:13-83
106            android:exported="true" />
106-->[:unityLibrary] AndroidManifest.xml:71:13-36
107        <receiver
107-->[:unityLibrary] AndroidManifest.xml:72:9-78:20
108            android:name="com.unity.androidnotifications.UnityNotificationRestartOnBootReceiver"
108-->[:unityLibrary] AndroidManifest.xml:73:13-97
109            android:enabled="false" >
109-->[:unityLibrary] AndroidManifest.xml:74:13-36
110            <intent-filter>
110-->[:unityLibrary] AndroidManifest.xml:75:13-77:29
111                <action android:name="android.intent.action.BOOT_COMPLETED" />
111-->[:unityLibrary] AndroidManifest.xml:76:17-79
111-->[:unityLibrary] AndroidManifest.xml:76:25-76
112            </intent-filter>
113        </receiver>
114
115        <activity
115-->[com.google.games:gpgs-plugin-support:0.10.12] AndroidManifest.xml:10:9-18:20
116            android:name="com.google.games.bridge.GenericResolutionActivity"
116-->[com.google.games:gpgs-plugin-support:0.10.12] AndroidManifest.xml:11:13-77
117            android:exported="false"
117-->[com.google.games:gpgs-plugin-support:0.10.12] AndroidManifest.xml:12:13-37
118            android:label="GenericResolutionActivity"
118-->[com.google.games:gpgs-plugin-support:0.10.12] AndroidManifest.xml:13:13-54
119            android:theme="@android:style/Theme.Translucent.NoTitleBar.Fullscreen" >
119-->[com.google.games:gpgs-plugin-support:0.10.12] AndroidManifest.xml:14:13-83
120            <meta-data
120-->[com.google.games:gpgs-plugin-support:0.10.12] AndroidManifest.xml:15:13-17:40
121                android:name="instantapps.clients.allowed"
121-->[com.google.games:gpgs-plugin-support:0.10.12] AndroidManifest.xml:16:17-59
122                android:value="true" />
122-->[com.google.games:gpgs-plugin-support:0.10.12] AndroidManifest.xml:17:17-37
123        </activity>
124
125        <uses-library
125-->[:unityLibrary:GoogleMobileAdsPlugin.androidlib] AndroidManifest.xml:12:9-14:40
126            android:name="org.apache.http.legacy"
126-->[:unityLibrary:GoogleMobileAdsPlugin.androidlib] AndroidManifest.xml:13:13-50
127            android:required="false" />
127-->[:unityLibrary:GoogleMobileAdsPlugin.androidlib] AndroidManifest.xml:14:13-37
128
129        <meta-data
129-->[:unityLibrary:GoogleMobileAdsPlugin.androidlib] AndroidManifest.xml:16:9-18:70
130            android:name="com.google.android.gms.ads.APPLICATION_ID"
130-->[:unityLibrary:GoogleMobileAdsPlugin.androidlib] AndroidManifest.xml:17:13-69
131            android:value="ca-app-pub-4721480223801357~6312816542" /> <!-- The space in these forces it to be interpreted as a string vs. int -->
131-->[:unityLibrary:GoogleMobileAdsPlugin.androidlib] AndroidManifest.xml:18:13-67
132        <meta-data
132-->[:unityLibrary:GooglePlayGamesManifest.plugin] AndroidManifest.xml:18:9-20:49
133            android:name="com.google.android.gms.games.APP_ID"
133-->[:unityLibrary:GooglePlayGamesManifest.plugin] AndroidManifest.xml:19:13-63
134            android:value="\u003414093304219" /> <!-- Keep track of which plugin is being used -->
134-->[:unityLibrary:GooglePlayGamesManifest.plugin] AndroidManifest.xml:20:13-46
135        <meta-data
135-->[:unityLibrary:GooglePlayGamesManifest.plugin] AndroidManifest.xml:23:9-25:44
136            android:name="com.google.android.gms.games.unityVersion"
136-->[:unityLibrary:GooglePlayGamesManifest.plugin] AndroidManifest.xml:24:13-69
137            android:value="\u0030.10.12" />
137-->[:unityLibrary:GooglePlayGamesManifest.plugin] AndroidManifest.xml:25:13-41
138
139        <activity
139-->[:unityLibrary:GooglePlayGamesManifest.plugin] AndroidManifest.xml:27:9-29:86
140            android:name="com.google.games.bridge.NativeBridgeActivity"
140-->[:unityLibrary:GooglePlayGamesManifest.plugin] AndroidManifest.xml:28:13-72
141            android:theme="@android:style/Theme.Translucent.NoTitleBar.Fullscreen" /> <!-- Include the AdActivity and InAppPurchaseActivity configChanges and themes. -->
141-->[:unityLibrary:GooglePlayGamesManifest.plugin] AndroidManifest.xml:29:13-83
142        <activity
142-->[com.google.android.gms:play-services-ads-lite:20.0.0] AndroidManifest.xml:48:9-52:64
143            android:name="com.google.android.gms.ads.AdActivity"
143-->[com.google.android.gms:play-services-ads-lite:20.0.0] AndroidManifest.xml:49:13-65
144            android:configChanges="keyboard|keyboardHidden|orientation|screenLayout|uiMode|screenSize|smallestScreenSize"
144-->[com.google.android.gms:play-services-ads-lite:20.0.0] AndroidManifest.xml:50:13-122
145            android:exported="false"
145-->[com.google.android.gms:play-services-ads-lite:20.0.0] AndroidManifest.xml:51:13-37
146            android:theme="@android:style/Theme.Translucent" />
146-->[com.google.android.gms:play-services-ads-lite:20.0.0] AndroidManifest.xml:52:13-61
147
148        <provider
148-->[com.google.android.gms:play-services-ads-lite:20.0.0] AndroidManifest.xml:54:9-58:39
149            android:name="com.google.android.gms.ads.MobileAdsInitProvider"
149-->[com.google.android.gms:play-services-ads-lite:20.0.0] AndroidManifest.xml:55:13-76
150            android:authorities="com.ValterGames.ProtectthePrincess.mobileadsinitprovider"
150-->[com.google.android.gms:play-services-ads-lite:20.0.0] AndroidManifest.xml:56:13-73
151            android:exported="false"
151-->[com.google.android.gms:play-services-ads-lite:20.0.0] AndroidManifest.xml:57:13-37
152            android:initOrder="100" />
152-->[com.google.android.gms:play-services-ads-lite:20.0.0] AndroidManifest.xml:58:13-36
153
154        <service
154-->[com.google.android.gms:play-services-ads-lite:20.0.0] AndroidManifest.xml:60:9-63:40
155            android:name="com.google.android.gms.ads.AdService"
155-->[com.google.android.gms:play-services-ads-lite:20.0.0] AndroidManifest.xml:61:13-64
156            android:enabled="true"
156-->[com.google.android.gms:play-services-ads-lite:20.0.0] AndroidManifest.xml:62:13-35
157            android:exported="false" />
157-->[com.google.android.gms:play-services-ads-lite:20.0.0] AndroidManifest.xml:63:13-37
158
159        <activity
159-->[com.google.android.gms:play-services-auth:19.0.0] AndroidManifest.xml:23:9-27:75
160            android:name="com.google.android.gms.auth.api.signin.internal.SignInHubActivity"
160-->[com.google.android.gms:play-services-auth:19.0.0] AndroidManifest.xml:24:13-93
161            android:excludeFromRecents="true"
161-->[com.google.android.gms:play-services-auth:19.0.0] AndroidManifest.xml:25:13-46
162            android:exported="false"
162-->[com.google.android.gms:play-services-auth:19.0.0] AndroidManifest.xml:26:13-37
163            android:theme="@android:style/Theme.Translucent.NoTitleBar" />
163-->[com.google.android.gms:play-services-auth:19.0.0] AndroidManifest.xml:27:13-72
164        <!--
165            Service handling Google Sign-In user revocation. For apps that do not integrate with
166            Google Sign-In, this service will never be started.
167        -->
168        <service
168-->[com.google.android.gms:play-services-auth:19.0.0] AndroidManifest.xml:33:9-37:51
169            android:name="com.google.android.gms.auth.api.signin.RevocationBoundService"
169-->[com.google.android.gms:play-services-auth:19.0.0] AndroidManifest.xml:34:13-89
170            android:exported="true"
170-->[com.google.android.gms:play-services-auth:19.0.0] AndroidManifest.xml:35:13-36
171            android:permission="com.google.android.gms.auth.api.signin.permission.REVOCATION_NOTIFICATION"
171-->[com.google.android.gms:play-services-auth:19.0.0] AndroidManifest.xml:36:13-107
172            android:visibleToInstantApps="true" />
172-->[com.google.android.gms:play-services-auth:19.0.0] AndroidManifest.xml:37:13-48
173
174        <activity
174-->[com.google.android.gms:play-services-base:17.4.0] AndroidManifest.xml:23:9-26:75
175            android:name="com.google.android.gms.common.api.GoogleApiActivity"
175-->[com.google.android.gms:play-services-base:17.4.0] AndroidManifest.xml:24:13-79
176            android:exported="false"
176-->[com.google.android.gms:play-services-base:17.4.0] AndroidManifest.xml:25:13-37
177            android:theme="@android:style/Theme.Translucent.NoTitleBar" />
177-->[com.google.android.gms:play-services-base:17.4.0] AndroidManifest.xml:26:13-72
178
179        <meta-data
179-->[com.google.android.gms:play-services-basement:17.6.0] AndroidManifest.xml:23:9-25:69
180            android:name="com.google.android.gms.version"
180-->[com.google.android.gms:play-services-basement:17.6.0] AndroidManifest.xml:24:13-58
181            android:value="@integer/google_play_services_version" />
181-->[com.google.android.gms:play-services-basement:17.6.0] AndroidManifest.xml:25:13-66
182
183        <provider
183-->[androidx.work:work-runtime:2.1.0] AndroidManifest.xml:30:9-36:35
184            android:name="androidx.work.impl.WorkManagerInitializer"
184-->[androidx.work:work-runtime:2.1.0] AndroidManifest.xml:31:13-69
185            android:authorities="com.ValterGames.ProtectthePrincess.workmanager-init"
185-->[androidx.work:work-runtime:2.1.0] AndroidManifest.xml:32:13-68
186            android:directBootAware="false"
186-->[androidx.work:work-runtime:2.1.0] AndroidManifest.xml:33:13-44
187            android:exported="false"
187-->[androidx.work:work-runtime:2.1.0] AndroidManifest.xml:34:13-37
188            android:multiprocess="true" />
188-->[androidx.work:work-runtime:2.1.0] AndroidManifest.xml:35:13-40
189
190        <service
190-->[androidx.work:work-runtime:2.1.0] AndroidManifest.xml:38:9-43:35
191            android:name="androidx.work.impl.background.systemalarm.SystemAlarmService"
191-->[androidx.work:work-runtime:2.1.0] AndroidManifest.xml:39:13-88
192            android:directBootAware="false"
192-->[androidx.work:work-runtime:2.1.0] AndroidManifest.xml:40:13-44
193            android:enabled="@bool/enable_system_alarm_service_default"
193-->[androidx.work:work-runtime:2.1.0] AndroidManifest.xml:41:13-72
194            android:exported="false" />
194-->[androidx.work:work-runtime:2.1.0] AndroidManifest.xml:42:13-37
195        <service
195-->[androidx.work:work-runtime:2.1.0] AndroidManifest.xml:44:9-50:35
196            android:name="androidx.work.impl.background.systemjob.SystemJobService"
196-->[androidx.work:work-runtime:2.1.0] AndroidManifest.xml:45:13-84
197            android:directBootAware="false"
197-->[androidx.work:work-runtime:2.1.0] AndroidManifest.xml:46:13-44
198            android:enabled="@bool/enable_system_job_service_default"
198-->[androidx.work:work-runtime:2.1.0] AndroidManifest.xml:47:13-70
199            android:exported="true"
199-->[androidx.work:work-runtime:2.1.0] AndroidManifest.xml:48:13-36
200            android:permission="android.permission.BIND_JOB_SERVICE" />
200-->[androidx.work:work-runtime:2.1.0] AndroidManifest.xml:49:13-69
201
202        <receiver
202-->[androidx.work:work-runtime:2.1.0] AndroidManifest.xml:52:9-57:35
203            android:name="androidx.work.impl.utils.ForceStopRunnable$BroadcastReceiver"
203-->[androidx.work:work-runtime:2.1.0] AndroidManifest.xml:53:13-88
204            android:directBootAware="false"
204-->[androidx.work:work-runtime:2.1.0] AndroidManifest.xml:54:13-44
205            android:enabled="true"
205-->[androidx.work:work-runtime:2.1.0] AndroidManifest.xml:55:13-35
206            android:exported="false" />
206-->[androidx.work:work-runtime:2.1.0] AndroidManifest.xml:56:13-37
207        <receiver
207-->[androidx.work:work-runtime:2.1.0] AndroidManifest.xml:58:9-68:20
208            android:name="androidx.work.impl.background.systemalarm.ConstraintProxy$BatteryChargingProxy"
208-->[androidx.work:work-runtime:2.1.0] AndroidManifest.xml:59:13-106
209            android:directBootAware="false"
209-->[androidx.work:work-runtime:2.1.0] AndroidManifest.xml:60:13-44
210            android:enabled="false"
210-->[androidx.work:work-runtime:2.1.0] AndroidManifest.xml:61:13-36
211            android:exported="false" >
211-->[androidx.work:work-runtime:2.1.0] AndroidManifest.xml:62:13-37
212            <intent-filter>
212-->[androidx.work:work-runtime:2.1.0] AndroidManifest.xml:64:13-67:29
213                <action android:name="android.intent.action.ACTION_POWER_CONNECTED" />
213-->[androidx.work:work-runtime:2.1.0] AndroidManifest.xml:65:17-87
213-->[androidx.work:work-runtime:2.1.0] AndroidManifest.xml:65:25-84
214                <action android:name="android.intent.action.ACTION_POWER_DISCONNECTED" />
214-->[androidx.work:work-runtime:2.1.0] AndroidManifest.xml:66:17-90
214-->[androidx.work:work-runtime:2.1.0] AndroidManifest.xml:66:25-87
215            </intent-filter>
216        </receiver>
217        <receiver
217-->[androidx.work:work-runtime:2.1.0] AndroidManifest.xml:69:9-79:20
218            android:name="androidx.work.impl.background.systemalarm.ConstraintProxy$BatteryNotLowProxy"
218-->[androidx.work:work-runtime:2.1.0] AndroidManifest.xml:70:13-104
219            android:directBootAware="false"
219-->[androidx.work:work-runtime:2.1.0] AndroidManifest.xml:71:13-44
220            android:enabled="false"
220-->[androidx.work:work-runtime:2.1.0] AndroidManifest.xml:72:13-36
221            android:exported="false" >
221-->[androidx.work:work-runtime:2.1.0] AndroidManifest.xml:73:13-37
222            <intent-filter>
222-->[androidx.work:work-runtime:2.1.0] AndroidManifest.xml:75:13-78:29
223                <action android:name="android.intent.action.BATTERY_OKAY" />
223-->[androidx.work:work-runtime:2.1.0] AndroidManifest.xml:76:17-77
223-->[androidx.work:work-runtime:2.1.0] AndroidManifest.xml:76:25-74
224                <action android:name="android.intent.action.BATTERY_LOW" />
224-->[androidx.work:work-runtime:2.1.0] AndroidManifest.xml:77:17-76
224-->[androidx.work:work-runtime:2.1.0] AndroidManifest.xml:77:25-73
225            </intent-filter>
226        </receiver>
227        <receiver
227-->[androidx.work:work-runtime:2.1.0] AndroidManifest.xml:80:9-90:20
228            android:name="androidx.work.impl.background.systemalarm.ConstraintProxy$StorageNotLowProxy"
228-->[androidx.work:work-runtime:2.1.0] AndroidManifest.xml:81:13-104
229            android:directBootAware="false"
229-->[androidx.work:work-runtime:2.1.0] AndroidManifest.xml:82:13-44
230            android:enabled="false"
230-->[androidx.work:work-runtime:2.1.0] AndroidManifest.xml:83:13-36
231            android:exported="false" >
231-->[androidx.work:work-runtime:2.1.0] AndroidManifest.xml:84:13-37
232            <intent-filter>
232-->[androidx.work:work-runtime:2.1.0] AndroidManifest.xml:86:13-89:29
233                <action android:name="android.intent.action.DEVICE_STORAGE_LOW" />
233-->[androidx.work:work-runtime:2.1.0] AndroidManifest.xml:87:17-83
233-->[androidx.work:work-runtime:2.1.0] AndroidManifest.xml:87:25-80
234                <action android:name="android.intent.action.DEVICE_STORAGE_OK" />
234-->[androidx.work:work-runtime:2.1.0] AndroidManifest.xml:88:17-82
234-->[androidx.work:work-runtime:2.1.0] AndroidManifest.xml:88:25-79
235            </intent-filter>
236        </receiver>
237        <receiver
237-->[androidx.work:work-runtime:2.1.0] AndroidManifest.xml:91:9-100:20
238            android:name="androidx.work.impl.background.systemalarm.ConstraintProxy$NetworkStateProxy"
238-->[androidx.work:work-runtime:2.1.0] AndroidManifest.xml:92:13-103
239            android:directBootAware="false"
239-->[androidx.work:work-runtime:2.1.0] AndroidManifest.xml:93:13-44
240            android:enabled="false"
240-->[androidx.work:work-runtime:2.1.0] AndroidManifest.xml:94:13-36
241            android:exported="false" >
241-->[androidx.work:work-runtime:2.1.0] AndroidManifest.xml:95:13-37
242            <intent-filter>
242-->[androidx.work:work-runtime:2.1.0] AndroidManifest.xml:97:13-99:29
243                <action android:name="android.net.conn.CONNECTIVITY_CHANGE" />
243-->[androidx.work:work-runtime:2.1.0] AndroidManifest.xml:98:17-79
243-->[androidx.work:work-runtime:2.1.0] AndroidManifest.xml:98:25-76
244            </intent-filter>
245        </receiver>
246        <receiver
246-->[androidx.work:work-runtime:2.1.0] AndroidManifest.xml:101:9-112:20
247            android:name="androidx.work.impl.background.systemalarm.RescheduleReceiver"
247-->[androidx.work:work-runtime:2.1.0] AndroidManifest.xml:102:13-88
248            android:directBootAware="false"
248-->[androidx.work:work-runtime:2.1.0] AndroidManifest.xml:103:13-44
249            android:enabled="false"
249-->[androidx.work:work-runtime:2.1.0] AndroidManifest.xml:104:13-36
250            android:exported="false" >
250-->[androidx.work:work-runtime:2.1.0] AndroidManifest.xml:105:13-37
251            <intent-filter>
251-->[androidx.work:work-runtime:2.1.0] AndroidManifest.xml:107:13-111:29
252                <action android:name="android.intent.action.BOOT_COMPLETED" />
252-->[:unityLibrary] AndroidManifest.xml:76:17-79
252-->[:unityLibrary] AndroidManifest.xml:76:25-76
253                <action android:name="android.intent.action.TIME_SET" />
253-->[androidx.work:work-runtime:2.1.0] AndroidManifest.xml:109:17-73
253-->[androidx.work:work-runtime:2.1.0] AndroidManifest.xml:109:25-70
254                <action android:name="android.intent.action.TIMEZONE_CHANGED" />
254-->[androidx.work:work-runtime:2.1.0] AndroidManifest.xml:110:17-81
254-->[androidx.work:work-runtime:2.1.0] AndroidManifest.xml:110:25-78
255            </intent-filter>
256        </receiver>
257        <receiver
257-->[androidx.work:work-runtime:2.1.0] AndroidManifest.xml:113:9-122:20
258            android:name="androidx.work.impl.background.systemalarm.ConstraintProxyUpdateReceiver"
258-->[androidx.work:work-runtime:2.1.0] AndroidManifest.xml:114:13-99
259            android:directBootAware="false"
259-->[androidx.work:work-runtime:2.1.0] AndroidManifest.xml:115:13-44
260            android:enabled="@bool/enable_system_alarm_service_default"
260-->[androidx.work:work-runtime:2.1.0] AndroidManifest.xml:116:13-72
261            android:exported="false" >
261-->[androidx.work:work-runtime:2.1.0] AndroidManifest.xml:117:13-37
262            <intent-filter>
262-->[androidx.work:work-runtime:2.1.0] AndroidManifest.xml:119:13-121:29
263                <action android:name="androidx.work.impl.background.systemalarm.UpdateProxies" />
263-->[androidx.work:work-runtime:2.1.0] AndroidManifest.xml:120:17-98
263-->[androidx.work:work-runtime:2.1.0] AndroidManifest.xml:120:25-95
264            </intent-filter>
265        </receiver>
266
267        <service
267-->[androidx.room:room-runtime:2.1.0] AndroidManifest.xml:25:9-27:40
268            android:name="androidx.room.MultiInstanceInvalidationService"
268-->[androidx.room:room-runtime:2.1.0] AndroidManifest.xml:26:13-74
269            android:exported="false" />
269-->[androidx.room:room-runtime:2.1.0] AndroidManifest.xml:27:13-37
270    </application>
271
272</manifest>